<?xml version="1.0" encoding="UTF-8"?>
<testng-results ignored="1" total="2" passed="1" failed="0" skipped="0">
  <reporter-output>
  </reporter-output>
  <suite started-at="2025-06-20T11:38:10 IST" name="Default suite" finished-at="2025-06-20T11:38:10 IST" duration-ms="68">
    <groups>
    </groups>
    <test started-at="2025-06-20T11:38:10 IST" name="Default test" finished-at="2025-06-20T11:38:10 IST" duration-ms="68">
      <class name="pact1.ContactTest">
        <test-method signature="CreateContactTest()[pri:0, instance:pact1.ContactTest@4efbca5a]" started-at="2025-06-20T11:38:10 IST" name="CreateContactTest" finished-at="2025-06-20T11:38:10 IST" duration-ms="14" status="PASS">
          <reporter-output>
          </reporter-output>
        </test-method> <!-- CreateContactTest -->
      </class> <!-- pact1.ContactTest -->
    </test> <!-- Default test -->
  </suite> <!-- Default suite -->
</testng-results>
