<?xml version="1.0" encoding="UTF-8"?>
<!-- Generated by org.testng.reporters.JUnitXMLReporter -->
<testsuite ignored="2" hostname="DESKTOP-11A1VRM1" failures="0" tests="4" name="Test" time="0.132" errors="0" timestamp="2025-06-03T18:13:30 IST">
  <testcase classname="com.CRM.Generic.BaseUtility.CreateOrgTest" name="CreateWithindustryTest" time="0.008"/>
  <testcase classname="com.CRM.Generic.BaseUtility.CreateOrgTest" name="CreateorgTest" time="0.007"/>
  <testcase classname="com.CRM.Generic.BaseUtility.CreateContactTest" name="CreateContactTest" time="0.01"/>
  <testcase classname="com.CRM.Generic.BaseUtility.CreateContactTest" name="CreatecontactWithDateTest" time="0.004"/>
  <testcase classname="com.CRM.Generic.BaseUtility.BaseClass" name="@BeforeSuite configBS" time="0.0">
    <ignored/>
  </testcase> <!-- @BeforeSuite configBS -->
  <testcase classname="com.CRM.Generic.BaseUtility.BaseClass" name="@AfterSuite configAS" time="0.0">
    <ignored/>
  </testcase> <!-- @AfterSuite configAS -->
</testsuite> <!-- Test -->
