<?xml version="1.0" encoding="UTF-8"?>
<!-- Generated by org.testng.reporters.JUnitXMLReporter -->
<testsuite ignored="1" hostname="DESKTOP-11A1VRM1" failures="0" tests="1" name="Default test" time="0.068" errors="0" timestamp="2025-06-20T11:38:10 IST">
  <testcase classname="pact1.ContactTest" name="CreateContactTest" time="0.014"/>
  <testcase classname="pact1.ContactTest" name="ModifyContactTest" time="0.0">
    <ignored/>
  </testcase> <!-- ModifyContactTest -->
</testsuite> <!-- Default test -->
